Unity Editor version:    2021.3.6f1 (7da38d85baf6)
Branch:                  2021.3/staging
Build type:              Release
Batch mode:              YES
System name:             Linux
Distro version:          #83-Ubuntu SMP Sat May 8 02:35:39 UTC 2021
Kernel version:          5.4.0-74-generic
Architecture:            x86_64
Available memory:        15933 MB
Using pre-set license
Pro License: YES

(Unity:4424): Gdk-CRITICAL **: 00:26:41.817: gdk_window_get_cursor: assertion 'GDK_IS_WINDOW (window)' failed
Desktop is 1366 x 768 @ 60 Hz
Initialize udev device monitor.

COMMAND LINE ARGUMENTS:
Unity
-adb2
-batchMode
-noUpm
-name
AssetImportWorker3
-projectPath
/home/sinkiline/GameDev/Projects/ForestSurvival
-logFile
Logs/AssetImportWorker3.log
-srvPort
46219
Successfully changed project path to: /home/sinkiline/GameDev/Projects/ForestSurvival
/home/sinkiline/GameDev/Projects/ForestSurvival
[UnityMemory] Configuration Parameters - Can be set up in boot.config
    "memorysetup-bucket-allocator-granularity=16"
    "memorysetup-bucket-allocator-bucket-count=8"
    "memorysetup-bucket-allocator-block-size=33554432"
    "memorysetup-bucket-allocator-block-count=8"
    "memorysetup-main-allocator-block-size=16777216"
    "memorysetup-thread-allocator-block-size=16777216"
    "memorysetup-gfx-main-allocator-block-size=16777216"
    "memorysetup-gfx-thread-allocator-block-size=16777216"
    "memorysetup-cache-allocator-block-size=4194304"
    "memorysetup-typetree-allocator-block-size=2097152"
    "memorysetup-profiler-bucket-allocator-granularity=16"
    "memorysetup-profiler-bucket-allocator-bucket-count=8"
    "memorysetup-profiler-bucket-allocator-block-size=33554432"
    "memorysetup-profiler-bucket-allocator-block-count=8"
    "memorysetup-profiler-allocator-block-size=16777216"
    "memorysetup-profiler-editor-allocator-block-size=1048576"
    "memorysetup-temp-allocator-size-main=16777216"
    "memorysetup-job-temp-allocator-block-size=2097152"
    "memorysetup-job-temp-allocator-block-size-background=1048576"
    "memorysetup-job-temp-allocator-reduction-small-platforms=262144"
    "memorysetup-temp-allocator-size-background-worker=32768"
    "memorysetup-temp-allocator-size-job-worker=262144"
    "memorysetup-temp-allocator-size-preload-manager=33554432"
    "memorysetup-temp-allocator-size-nav-mesh-worker=65536"
    "memorysetup-temp-allocator-size-audio-worker=65536"
    "memorysetup-temp-allocator-size-cloud-worker=32768"
    "memorysetup-temp-allocator-size-gi-baking-worker=262144"
    "memorysetup-temp-allocator-size-gfx=262144"
Refreshing native plugins compatible for Editor in 541,16 ms, found 0 plugins.
Preloading 0 native plugins for Editor in 0,00 ms.
Initialize engine version: 2021.3.6f1 (7da38d85baf6)
[Subsystems] Discovering subsystems at path /media/sinkiline/10-System-windows/programs/UnityLinux/2021.3.6f1/Editor/Data/Resources/UnitySubsystems
[Subsystems] Discovering subsystems at path /home/sinkiline/GameDev/Projects/ForestSurvival/Assets
GLX Extensions: GLX_ARB_create_context GLX_ARB_create_context_no_error GLX_ARB_create_context_profile GLX_ARB_create_context_robustness GLX_ARB_fbconfig_float GLX_ARB_framebuffer_sRGB GLX_ARB_get_proc_address GLX_ARB_multisample GLX_EXT_buffer_age GLX_EXT_create_context_es2_profile GLX_EXT_create_context_es_profile GLX_EXT_fbconfig_packed_float GLX_EXT_framebuffer_sRGB GLX_EXT_import_context GLX_EXT_texture_from_pixmap GLX_EXT_visual_info GLX_EXT_visual_rating GLX_INTEL_swap_event GLX_MESA_copy_sub_buffer GLX_MESA_query_renderer GLX_MESA_swap_control GLX_OML_swap_method GLX_OML_sync_control GLX_SGIS_multisample GLX_SGIX_fbconfig GLX_SGIX_pbuffer GLX_SGIX_visual_select_group GLX_SGI_make_current_read GLX_SGI_swap_control GLX_SGI_video_sync 
Renderer: Mesa DRI Intel(R) HD Graphics 4400 (HSW GT2)
Vendor:   Intel Open Source Technology Center
Version:  4.5 (Core Profile) Mesa 20.2.6
GLES:     0
 GL_3DFX_texture_compression_FXT1 GL_AMD_conservative_depth GL_AMD_draw_buffers_blend GL_AMD_multi_draw_indirect GL_AMD_query_buffer_object GL_AMD_seamless_cubemap_per_texture GL_AMD_shader_trinary_minmax GL_AMD_texture_texture4 GL_AMD_vertex_shader_layer GL_AMD_vertex_shader_viewport_index GL_ANGLE_texture_compression_dxt3 GL_ANGLE_texture_compression_dxt5 GL_APPLE_object_purgeable GL_ARB_ES2_compatibility GL_ARB_ES3_1_compatibility GL_ARB_ES3_compatibility GL_ARB_arrays_of_arrays GL_ARB_base_instance GL_ARB_blend_func_extended GL_ARB_buffer_storage GL_ARB_clear_buffer_object GL_ARB_clear_texture GL_ARB_clip_control GL_ARB_compressed_texture_pixel_storage GL_ARB_compute_shader GL_ARB_compute_variable_group_size GL_ARB_conditional_render_inverted GL_ARB_conservative_depth GL_ARB_copy_buffer GL_ARB_copy_image GL_ARB_cull_distance GL_ARB_debug_output GL_ARB_depth_buffer_float GL_ARB_depth_clamp GL_ARB_derivative_control GL_ARB_direct_state_access GL_ARB_draw_buffers GL_ARB_draw_buffers_blend GL_ARB_draw_elemen
ts_base_vertex GL_ARB_draw_indirect GL_ARB_draw_instanced GL_ARB_enhanced_layouts GL_ARB_explicit_attrib_location GL_ARB_explicit_uniform_location GL_ARB_fragment_coord_conventions GL_ARB_fragment_layer_viewport GL_ARB_fragment_shader GL_ARB_framebuffer_no_attachments GL_ARB_framebuffer_object GL_ARB_framebuffer_sRGB GL_ARB_get_program_binary GL_ARB_get_texture_sub_image GL_ARB_gl_spirv GL_ARB_gpu_shader5 GL_ARB_gpu_shader_fp64 GL_ARB_half_float_pixel GL_ARB_half_float_vertex GL_ARB_indirect_parameters GL_ARB_instanced_arrays GL_ARB_internalformat_query GL_ARB_internalformat_query2 GL_ARB_invalidate_subdata GL_ARB_map_buffer_alignment GL_ARB_map_buffer_range GL_ARB_multi_bind GL_ARB_multi_draw_indirect GL_ARB_occlusion_query2 GL_ARB_parallel_shader_compile GL_ARB_pipeline_statistics_query GL_ARB_pixel_buffer_object GL_ARB_point_sprite GL_ARB_polygon_offset_clamp GL_ARB_program_interface_query GL_ARB_provoking_vertex GL_ARB_query_buffer_object GL_ARB_robust_buffer_access_behavior GL_ARB_robustness GL_ARB_samp
le_shading GL_ARB_sampler_objects GL_ARB_seamless_cube_map GL_ARB_seamless_cubemap_per_texture GL_ARB_separate_shader_objects GL_ARB_shader_atomic_counter_ops GL_ARB_shader_atomic_counters GL_ARB_shader_bit_encoding GL_ARB_shader_clock GL_ARB_shader_draw_parameters GL_ARB_shader_group_vote GL_ARB_shader_image_load_store GL_ARB_shader_image_size GL_ARB_shader_objects GL_ARB_shader_precision GL_ARB_shader_storage_buffer_object GL_ARB_shader_subroutine GL_ARB_shader_texture_image_samples GL_ARB_shader_texture_lod GL_ARB_shader_viewport_layer_array GL_ARB_shading_language_420pack GL_ARB_shading_language_include GL_ARB_shading_language_packing GL_ARB_spirv_extensions GL_ARB_stencil_texturing GL_ARB_sync GL_ARB_tessellation_shader GL_ARB_texture_barrier GL_ARB_texture_buffer_object GL_ARB_texture_buffer_object_rgb32 GL_ARB_texture_buffer_range GL_ARB_texture_compression_bptc GL_ARB_texture_compression_rgtc GL_ARB_texture_cube_map_array GL_ARB_texture_filter_anisotropic GL_ARB_texture_float GL_ARB_texture_gather GL
_ARB_texture_mirror_clamp_to_edge GL_ARB_texture_multisample GL_ARB_texture_non_power_of_two GL_ARB_texture_query_levels GL_ARB_texture_query_lod GL_ARB_texture_rectangle GL_ARB_texture_rg GL_ARB_texture_rgb10_a2ui GL_ARB_texture_stencil8 GL_ARB_texture_storage GL_ARB_texture_storage_multisample GL_ARB_texture_swizzle GL_ARB_texture_view GL_ARB_timer_query GL_ARB_transform_feedback2 GL_ARB_transform_feedback3 GL_ARB_transform_feedback_instanced GL_ARB_transform_feedback_overflow_query GL_ARB_uniform_buffer_object GL_ARB_vertex_array_bgra GL_ARB_vertex_array_object GL_ARB_vertex_attrib_64bit GL_ARB_vertex_attrib_binding GL_ARB_vertex_buffer_object GL_ARB_vertex_shader GL_ARB_vertex_type_10f_11f_11f_rev GL_ARB_vertex_type_2_10_10_10_rev GL_ARB_viewport_array GL_ATI_blend_equation_separate GL_ATI_texture_float GL_EXT_EGL_image_storage GL_EXT_EGL_sync GL_EXT_abgr GL_EXT_blend_equation_separate GL_EXT_demote_to_helper_invocation GL_EXT_draw_buffers2 GL_EXT_draw_instanced GL_EXT_framebuffer_blit GL_EXT_framebuffer
_multisample GL_EXT_framebuffer_multisample_blit_scaled GL_EXT_framebuffer_object GL_EXT_framebuffer_sRGB GL_EXT_packed_depth_stencil GL_EXT_packed_float GL_EXT_pixel_buffer_object GL_EXT_polygon_offset_clamp GL_EXT_provoking_vertex GL_EXT_shader_framebuffer_fetch_non_coherent GL_EXT_shader_integer_mix GL_EXT_shader_samples_identical GL_EXT_texture_array GL_EXT_texture_compression_dxt1 GL_EXT_texture_compression_rgtc GL_EXT_texture_compression_s3tc GL_EXT_texture_filter_anisotropic GL_EXT_texture_integer GL_EXT_texture_sRGB GL_EXT_texture_sRGB_R8 GL_EXT_texture_sRGB_decode GL_EXT_texture_shadow_lod GL_EXT_texture_shared_exponent GL_EXT_texture_snorm GL_EXT_texture_swizzle GL_EXT_timer_query GL_EXT_transform_feedback GL_EXT_vertex_array_bgra GL_EXT_vertex_attrib_64bit GL_IBM_multimode_draw_arrays GL_INTEL_blackhole_render GL_INTEL_performance_query GL_KHR_blend_equation_advanced GL_KHR_context_flush_control GL_KHR_debug GL_KHR_no_error GL_KHR_parallel_shader_compile GL_KHR_robust_buffer_access_behavior GL_KHR
_robustness GL_MESA_framebuffer_flip_y GL_MESA_pack_invert GL_MESA_shader_integer_functions GL_MESA_texture_signed_rgba GL_NV_compute_shader_derivatives GL_NV_conditional_render GL_NV_depth_clamp GL_NV_packed_depth_stencil GL_NV_texture_barrier GL_OES_EGL_image GL_S3_s3tc
OPENGL LOG: Creating OpenGL 4.5 graphics device ; Context level  <OpenGL 4.5> ; Context handle -1707910944
Initialize mono
Mono path[0] = '/media/sinkiline/10-System-windows/programs/UnityLinux/2021.3.6f1/Editor/Data/Managed'
Mono path[1] = '/media/sinkiline/10-System-windows/programs/UnityLinux/2021.3.6f1/Editor/Data/MonoBleedingEdge/lib/mono/unityjit-linux'
Mono config path = '/media/sinkiline/10-System-windows/programs/UnityLinux/2021.3.6f1/Editor/Data/MonoBleedingEdge/etc'
Using monoOptions --debugger-agent=transport=dt_socket,embedding=1,server=y,suspend=n,address=127.0.0.1:56424
Begin MonoManager ReloadAssembly
Registering precompiled unity dll's ...
Register platform support module: /media/sinkiline/10-System-windows/programs/UnityLinux/2021.3.6f1/Editor/Data/PlaybackEngines/WindowsStandaloneSupport/UnityEditor.WindowsStandalone.Extensions.dll
Register platform support module: /media/sinkiline/10-System-windows/programs/UnityLinux/2021.3.6f1/Editor/Data/PlaybackEngines/LinuxStandaloneSupport/UnityEditor.LinuxStandalone.Extensions.dll
Registered in 0,388998 seconds.
Native extension for LinuxStandalone target not found
Native extension for WindowsStandalone target not found
Refreshing native plugins compatible for Editor in 542,33 ms, found 0 plugins.
Preloading 0 native plugins for Editor in 0,00 ms.
Mono: successfully reloaded assembly
- Completed reload, in  7,657 seconds
Domain Reload Profiling:
	ReloadAssembly (7660ms)
		BeginReloadAssembly (1520ms)
			ExecutionOrderSort (0ms)
			DisableScriptedObjects (0ms)
			BackupInstance (0ms)
			ReleaseScriptingObjects (0ms)
			CreateAndSetChildDomain (4ms)
		EndReloadAssembly (3754ms)
			LoadAssemblies (1294ms)
			RebuildTransferFunctionScriptingTraits (0ms)
			SetupTypeCache (827ms)
			ReleaseScriptCaches (0ms)
			RebuildScriptCaches (185ms)
			SetupLoadedEditorAssemblies (2128ms)
				LogAssemblyErrors (0ms)
				InitializePlatformSupportModulesInManaged (230ms)
				SetLoadedEditorAssemblies (1ms)
				RefreshPlugins (543ms)
				BeforeProcessingInitializeOnLoad (8ms)
				ProcessInitializeOnLoadAttributes (1074ms)
				ProcessInitializeOnLoadMethodAttributes (271ms)
				AfterProcessingInitializeOnLoad (0ms)
				EditorAssembliesLoaded (1ms)
			ExecutionOrderSort2 (0ms)
			AwakeInstancesAfterBackupRestoration (0ms)
Platform modules already initialized, skipping
Registering precompiled user dll's ...
Registered in 0,044054 seconds.
Begin MonoManager ReloadAssembly
Symbol file LoadedFromMemory doesn't match image /home/sinkiline/GameDev/Projects/ForestSurvival/Library/PackageCache/com.unity.visualscripting@1.7.8/Editor/VisualScripting.Core/Dependencies/YamlDotNet/Unity.VisualScripting.YamlDotNet.dll
Symbol file LoadedFromMemory doesn't match image /home/sinkiline/GameDev/Projects/ForestSurvival/Library/PackageCache/com.unity.visualscripting@1.7.8/Editor/VisualScripting.Core/Dependencies/DotNetZip/Unity.VisualScripting.IonicZip.dll
Native extension for LinuxStandalone target not found
Native extension for WindowsStandalone target not found
Refreshing native plugins compatible for Editor in 3,32 ms, found 0 plugins.
Preloading 0 native plugins for Editor in 0,00 ms.
Mono: successfully reloaded assembly
- Completed reload, in 10,682 seconds
Domain Reload Profiling:
	ReloadAssembly (10690ms)
		BeginReloadAssembly (1395ms)
			ExecutionOrderSort (0ms)
			DisableScriptedObjects (35ms)
			BackupInstance (0ms)
			ReleaseScriptingObjects (0ms)
			CreateAndSetChildDomain (71ms)
		EndReloadAssembly (7641ms)
			LoadAssemblies (1108ms)
			RebuildTransferFunctionScriptingTraits (0ms)
			SetupTypeCache (1607ms)
			ReleaseScriptCaches (2ms)
			RebuildScriptCaches (383ms)
			SetupLoadedEditorAssemblies (4660ms)
				LogAssemblyErrors (0ms)
				InitializePlatformSupportModulesInManaged (178ms)
				SetLoadedEditorAssemblies (5ms)
				RefreshPlugins (3ms)
				BeforeProcessingInitializeOnLoad (1494ms)
				ProcessInitializeOnLoadAttributes (1497ms)
				ProcessInitializeOnLoadMethodAttributes (248ms)
				AfterProcessingInitializeOnLoad (1234ms)
				EditorAssembliesLoaded (1ms)
			ExecutionOrderSort2 (0ms)
			AwakeInstancesAfterBackupRestoration (26ms)
Platform modules already initialized, skipping
========================================================================
Worker process is ready to serve import requests
Launched and connected shader compiler UnityShaderCompiler after 0.06 seconds
Refreshing native plugins compatible for Editor in 20,02 ms, found 0 plugins.
Preloading 0 native plugins for Editor in 0,00 ms.
Unloading 3654 Unused Serialized files (Serialized files now loaded: 0)
Unloading 33 unused Assets / (73,0 KB). Loaded Objects now: 4107.
Memory consumption went from 123,9 MB to 123,8 MB.
Total: 30,693239 ms (FindLiveObjects: 1,194785 ms CreateObjectMapping: 1,348455 ms MarkObjects: 27,357174 ms  DeleteObjects: 0,787078 ms)

AssetImportParameters requested are different than current active one (requested -> active):
  custom:video-decoder-ogg-theora: a1e56fd34408186e4bbccfd4996cb3dc -> 
  custom:container-muxer-webm: aa71ff27fc2769a1b78a27578f13a17b -> 
  custom:container-demuxer-webm: 4f35f7cbe854078d1ac9338744f61a02 -> 
  custom:video-encoder-webm-vp8: eb34c28f22e8b96e1ab97ce403110664 -> 
  custom:audio-encoder-webm-vorbis: bf7c407c2cedff20999df2af8eb42d56 -> 
  custom:container-demuxer-ogg: 62fdf1f143b41e24485cea50d1cbac27 -> 
  custom:video-decoder-webm-vp8: 9c59270c3fd7afecdb556c50c9e8de78 -> 
  custom:audio-decoder-ogg-vorbis: bf7c407c2cedff20999df2af8eb42d56 -> 
========================================================================
Received Import Request.
  Time since last request: 764,718057 seconds.
  path: Assets/Scripts/Launcher.cs
  artifactKey: Guid(b7bb24ac9b3fbcf7cbc419c0a363e049) Importer(815301076,1909f56bfc062723c751e8b465ee728b)
Start importing Assets/Scripts/Launcher.cs using Guid(b7bb24ac9b3fbcf7cbc419c0a363e049) Importer(815301076,1909f56bfc062723c751e8b465ee728b)  -> (artifact id: '00000000000000000000000000000000') in 0,010635 seconds  code(4) message(Build asset version error: assets/scripts/launcher.cs in SourceAssetDB has modification time of '2022-07-23T18:03:54Z' while content on disk has modification time of '2022-07-23T21:27:03Z')
  ERROR: Build asset version error: assets/scripts/launcher.cs in SourceAssetDB has modification time of '2022-07-23T18:03:54Z' while content on disk has modification time of '2022-07-23T21:27:03Z'
========================================================================
Received Prepare
Registering precompiled user dll's ...
Registered in 0,025796 seconds.
Begin MonoManager ReloadAssembly
Symbol file LoadedFromMemory doesn't match image /home/sinkiline/GameDev/Projects/ForestSurvival/Library/PackageCache/com.unity.visualscripting@1.7.8/Editor/VisualScripting.Core/Dependencies/YamlDotNet/Unity.VisualScripting.YamlDotNet.dll
Symbol file LoadedFromMemory doesn't match image /home/sinkiline/GameDev/Projects/ForestSurvival/Library/PackageCache/com.unity.visualscripting@1.7.8/Editor/VisualScripting.Core/Dependencies/DotNetZip/Unity.VisualScripting.IonicZip.dll
Native extension for LinuxStandalone target not found
Native extension for WindowsStandalone target not found
Refreshing native plugins compatible for Editor in 3,21 ms, found 0 plugins.
Preloading 0 native plugins for Editor in 0,00 ms.
Mono: successfully reloaded assembly
- Completed reload, in  8,679 seconds
Domain Reload Profiling:
	ReloadAssembly (8681ms)
		BeginReloadAssembly (1470ms)
			ExecutionOrderSort (0ms)
			DisableScriptedObjects (29ms)
			BackupInstance (0ms)
			ReleaseScriptingObjects (0ms)
			CreateAndSetChildDomain (205ms)
		EndReloadAssembly (5990ms)
			LoadAssemblies (1059ms)
			RebuildTransferFunctionScriptingTraits (2ms)
			SetupTypeCache (1475ms)
			ReleaseScriptCaches (4ms)
			RebuildScriptCaches (212ms)
			SetupLoadedEditorAssemblies (3353ms)
				LogAssemblyErrors (0ms)
				InitializePlatformSupportModulesInManaged (203ms)
				SetLoadedEditorAssemblies (6ms)
				RefreshPlugins (3ms)
				BeforeProcessingInitializeOnLoad (888ms)
				ProcessInitializeOnLoadAttributes (1546ms)
				ProcessInitializeOnLoadMethodAttributes (145ms)
				AfterProcessingInitializeOnLoad (561ms)
				EditorAssembliesLoaded (1ms)
			ExecutionOrderSort2 (0ms)
			AwakeInstancesAfterBackupRestoration (19ms)
Platform modules already initialized, skipping
Refreshing native plugins compatible for Editor in 7,55 ms, found 0 plugins.
Preloading 0 native plugins for Editor in 0,00 ms.
Unloading 3635 Unused Serialized files (Serialized files now loaded: 0)
Unloading 25 unused Assets / (56,8 KB). Loaded Objects now: 4111.
Memory consumption went from 122,5 MB to 122,4 MB.
Total: 14,973729 ms (FindLiveObjects: 0,804990 ms CreateObjectMapping: 0,549339 ms MarkObjects: 12,913860 ms  DeleteObjects: 0,700764 ms)

AssetImportParameters requested are different than current active one (requested -> active):
  custom:video-decoder-ogg-theora: a1e56fd34408186e4bbccfd4996cb3dc -> 
  custom:container-muxer-webm: aa71ff27fc2769a1b78a27578f13a17b -> 
  custom:container-demuxer-webm: 4f35f7cbe854078d1ac9338744f61a02 -> 
  custom:video-encoder-webm-vp8: eb34c28f22e8b96e1ab97ce403110664 -> 
  custom:audio-encoder-webm-vorbis: bf7c407c2cedff20999df2af8eb42d56 -> 
  custom:container-demuxer-ogg: 62fdf1f143b41e24485cea50d1cbac27 -> 
  custom:video-decoder-webm-vp8: 9c59270c3fd7afecdb556c50c9e8de78 -> 
  custom:audio-decoder-ogg-vorbis: bf7c407c2cedff20999df2af8eb42d56 -> 
========================================================================
Received Import Request.
  Time since last request: 59,106265 seconds.
  path: Assets/Scripts/Launcher.cs
  artifactKey: Guid(b7bb24ac9b3fbcf7cbc419c0a363e049) Importer(815301076,1909f56bfc062723c751e8b465ee728b)
Start importing Assets/Scripts/Launcher.cs using Guid(b7bb24ac9b3fbcf7cbc419c0a363e049) Importer(815301076,1909f56bfc062723c751e8b465ee728b)  -> (artifact id: '10250e8cff1e437677f144559e9ab20f') in 0,018953 seconds 
========================================================================
Received Import Request.
  Time since last request: 5,470521 seconds.
  path: Assets/Scripts/RoomManager.cs
  artifactKey: Guid(bbbdb2b0f4e0b31969dfc5e420e2fc50) Importer(815301076,1909f56bfc062723c751e8b465ee728b)
Start importing Assets/Scripts/RoomManager.cs using Guid(bbbdb2b0f4e0b31969dfc5e420e2fc50) Importer(815301076,1909f56bfc062723c751e8b465ee728b)  -> (artifact id: '3a00d89dbabeea797e10011d3488d8fb') in 0,004578 seconds 
========================================================================
Received Prepare
Registering precompiled user dll's ...
Registered in 0,041925 seconds.
Begin MonoManager ReloadAssembly
Symbol file LoadedFromMemory doesn't match image /home/sinkiline/GameDev/Projects/ForestSurvival/Library/PackageCache/com.unity.visualscripting@1.7.8/Editor/VisualScripting.Core/Dependencies/YamlDotNet/Unity.VisualScripting.YamlDotNet.dll
Symbol file LoadedFromMemory doesn't match image /home/sinkiline/GameDev/Projects/ForestSurvival/Library/PackageCache/com.unity.visualscripting@1.7.8/Editor/VisualScripting.Core/Dependencies/DotNetZip/Unity.VisualScripting.IonicZip.dll
Native extension for LinuxStandalone target not found
Native extension for WindowsStandalone target not found
Refreshing native plugins compatible for Editor in 2,13 ms, found 0 plugins.
Preloading 0 native plugins for Editor in 0,00 ms.
Mono: successfully reloaded assembly
- Completed reload, in 11,642 seconds
Domain Reload Profiling:
	ReloadAssembly (11656ms)
		BeginReloadAssembly (1545ms)
			ExecutionOrderSort (0ms)
			DisableScriptedObjects (39ms)
			BackupInstance (0ms)
			ReleaseScriptingObjects (0ms)
			CreateAndSetChildDomain (161ms)
		EndReloadAssembly (8654ms)
			LoadAssemblies (1125ms)
			RebuildTransferFunctionScriptingTraits (0ms)
			SetupTypeCache (1814ms)
			ReleaseScriptCaches (4ms)
			RebuildScriptCaches (238ms)
			SetupLoadedEditorAssemblies (5160ms)
				LogAssemblyErrors (0ms)
				InitializePlatformSupportModulesInManaged (279ms)
				SetLoadedEditorAssemblies (3ms)
				RefreshPlugins (2ms)
				BeforeProcessingInitializeOnLoad (976ms)
				ProcessInitializeOnLoadAttributes (1958ms)
				ProcessInitializeOnLoadMethodAttributes (307ms)
				AfterProcessingInitializeOnLoad (1627ms)
				EditorAssembliesLoaded (7ms)
			ExecutionOrderSort2 (0ms)
			AwakeInstancesAfterBackupRestoration (68ms)
Platform modules already initialized, skipping
Refreshing native plugins compatible for Editor in 8,46 ms, found 0 plugins.
Preloading 0 native plugins for Editor in 0,00 ms.
Unloading 3636 Unused Serialized files (Serialized files now loaded: 0)
Unloading 25 unused Assets / (56,8 KB). Loaded Objects now: 4116.
Memory consumption went from 122,5 MB to 122,5 MB.
Total: 23,371186 ms (FindLiveObjects: 1,257460 ms CreateObjectMapping: 1,278093 ms MarkObjects: 19,565876 ms  DeleteObjects: 1,262802 ms)

AssetImportParameters requested are different than current active one (requested -> active):
  custom:video-decoder-ogg-theora: a1e56fd34408186e4bbccfd4996cb3dc -> 
  custom:container-muxer-webm: aa71ff27fc2769a1b78a27578f13a17b -> 
  custom:container-demuxer-webm: 4f35f7cbe854078d1ac9338744f61a02 -> 
  custom:video-encoder-webm-vp8: eb34c28f22e8b96e1ab97ce403110664 -> 
  custom:audio-encoder-webm-vorbis: bf7c407c2cedff20999df2af8eb42d56 -> 
  custom:container-demuxer-ogg: 62fdf1f143b41e24485cea50d1cbac27 -> 
  custom:video-decoder-webm-vp8: 9c59270c3fd7afecdb556c50c9e8de78 -> 
  custom:audio-decoder-ogg-vorbis: bf7c407c2cedff20999df2af8eb42d56 -> 
========================================================================
Received Import Request.
  Time since last request: 703,701947 seconds.
  path: Assets/Scripts/RoomManager.cs
  artifactKey: Guid(bbbdb2b0f4e0b31969dfc5e420e2fc50) Importer(815301076,1909f56bfc062723c751e8b465ee728b)
Start importing Assets/Scripts/RoomManager.cs using Guid(bbbdb2b0f4e0b31969dfc5e420e2fc50) Importer(815301076,1909f56bfc062723c751e8b465ee728b)  -> (artifact id: '31efb96366596c50f6894d162c82ca6f') in 0,025322 seconds 
========================================================================
Received Import Request.
  Time since last request: 29,350546 seconds.
  path: Assets/Resources
  artifactKey: Guid(656691572c793832a827ae6ac06a8e21) Importer(815301076,1909f56bfc062723c751e8b465ee728b)
Start importing Assets/Resources using Guid(656691572c793832a827ae6ac06a8e21) Importer(815301076,1909f56bfc062723c751e8b465ee728b)  -> (artifact id: 'c79e4d3ed27ed0c3131ceade11a2236b') in 0,007300 seconds 
========================================================================
Received Import Request.
  Time since last request: 110,303260 seconds.
  path: Assets/Resources/PhotonPrefabs
  artifactKey: Guid(051ffa23eb43d9600aea26daee23404f) Importer(815301076,1909f56bfc062723c751e8b465ee728b)
Start importing Assets/Resources/PhotonPrefabs using Guid(051ffa23eb43d9600aea26daee23404f) Importer(815301076,1909f56bfc062723c751e8b465ee728b)  -> (artifact id: 'b38b3c0113cecdeb75d446539d6b8351') in 0,004894 seconds 
========================================================================
Received Import Request.
  Time since last request: 9,559752 seconds.
  path: Assets/Resources/PhotonPrefabs/PlayerManager.prefab
  artifactKey: Guid(a00a6e5a1791a558ab93209e5ae0ec0d) Importer(815301076,1909f56bfc062723c751e8b465ee728b)
Start importing Assets/Resources/PhotonPrefabs/PlayerManager.prefab using Guid(a00a6e5a1791a558ab93209e5ae0ec0d) Importer(815301076,1909f56bfc062723c751e8b465ee728b)  -> (artifact id: 'fd5d10baf73a00318d832a620af7a093') in 0,137961 seconds 
========================================================================
Received Import Request.
  Time since last request: 0,255653 seconds.
  path: Assets/Resources/PhotonPrefabs/PlayerManager.prefab
  artifactKey: Guid(a00a6e5a1791a558ab93209e5ae0ec0d) Importer(815301076,1909f56bfc062723c751e8b465ee728b)
Start importing Assets/Resources/PhotonPrefabs/PlayerManager.prefab using Guid(a00a6e5a1791a558ab93209e5ae0ec0d) Importer(815301076,1909f56bfc062723c751e8b465ee728b)  -> (artifact id: 'faac15883ffda3d0d0e48212d6650ea5') in 0,021204 seconds 
========================================================================
Received Prepare
Registering precompiled user dll's ...
Registered in 0,024680 seconds.
Begin MonoManager ReloadAssembly
Symbol file LoadedFromMemory doesn't match image /home/sinkiline/GameDev/Projects/ForestSurvival/Library/PackageCache/com.unity.visualscripting@1.7.8/Editor/VisualScripting.Core/Dependencies/YamlDotNet/Unity.VisualScripting.YamlDotNet.dll
Symbol file LoadedFromMemory doesn't match image /home/sinkiline/GameDev/Projects/ForestSurvival/Library/PackageCache/com.unity.visualscripting@1.7.8/Editor/VisualScripting.Core/Dependencies/DotNetZip/Unity.VisualScripting.IonicZip.dll
Native extension for LinuxStandalone target not found
Native extension for WindowsStandalone target not found
Refreshing native plugins compatible for Editor in 2,36 ms, found 0 plugins.
Preloading 0 native plugins for Editor in 0,00 ms.
Mono: successfully reloaded assembly
- Completed reload, in  9,530 seconds
Domain Reload Profiling:
	ReloadAssembly (9534ms)
		BeginReloadAssembly (1565ms)
			ExecutionOrderSort (0ms)
			DisableScriptedObjects (25ms)
			BackupInstance (0ms)
			ReleaseScriptingObjects (0ms)
			CreateAndSetChildDomain (149ms)
		EndReloadAssembly (6360ms)
			LoadAssemblies (1084ms)
			RebuildTransferFunctionScriptingTraits (0ms)
			SetupTypeCache (1579ms)
			ReleaseScriptCaches (4ms)
			RebuildScriptCaches (206ms)
			SetupLoadedEditorAssemblies (3429ms)
				LogAssemblyErrors (0ms)
				InitializePlatformSupportModulesInManaged (187ms)
				SetLoadedEditorAssemblies (3ms)
				RefreshPlugins (2ms)
				BeforeProcessingInitializeOnLoad (906ms)
				ProcessInitializeOnLoadAttributes (1419ms)
				ProcessInitializeOnLoadMethodAttributes (149ms)
				AfterProcessingInitializeOnLoad (761ms)
				EditorAssembliesLoaded (1ms)
			ExecutionOrderSort2 (0ms)
			AwakeInstancesAfterBackupRestoration (31ms)
Platform modules already initialized, skipping
Refreshing native plugins compatible for Editor in 9,27 ms, found 0 plugins.
Preloading 0 native plugins for Editor in 0,01 ms.
Unloading 3636 Unused Serialized files (Serialized files now loaded: 0)
Unloading 25 unused Assets / (56,8 KB). Loaded Objects now: 4120.
Memory consumption went from 122,5 MB to 122,5 MB.
Total: 21,840029 ms (FindLiveObjects: 1,090083 ms CreateObjectMapping: 2,028049 ms MarkObjects: 17,695797 ms  DeleteObjects: 1,020121 ms)

AssetImportParameters requested are different than current active one (requested -> active):
  custom:video-decoder-ogg-theora: a1e56fd34408186e4bbccfd4996cb3dc -> 
  custom:container-muxer-webm: aa71ff27fc2769a1b78a27578f13a17b -> 
  custom:container-demuxer-webm: 4f35f7cbe854078d1ac9338744f61a02 -> 
  custom:video-encoder-webm-vp8: eb34c28f22e8b96e1ab97ce403110664 -> 
  custom:audio-encoder-webm-vorbis: bf7c407c2cedff20999df2af8eb42d56 -> 
  custom:container-demuxer-ogg: 62fdf1f143b41e24485cea50d1cbac27 -> 
  custom:video-decoder-webm-vp8: 9c59270c3fd7afecdb556c50c9e8de78 -> 
  custom:audio-decoder-ogg-vorbis: bf7c407c2cedff20999df2af8eb42d56 -> 
========================================================================
Received Prepare
Registering precompiled user dll's ...
Registered in 0,036086 seconds.
Begin MonoManager ReloadAssembly
Symbol file LoadedFromMemory doesn't match image /home/sinkiline/GameDev/Projects/ForestSurvival/Library/PackageCache/com.unity.visualscripting@1.7.8/Editor/VisualScripting.Core/Dependencies/YamlDotNet/Unity.VisualScripting.YamlDotNet.dll
Symbol file LoadedFromMemory doesn't match image /home/sinkiline/GameDev/Projects/ForestSurvival/Library/PackageCache/com.unity.visualscripting@1.7.8/Editor/VisualScripting.Core/Dependencies/DotNetZip/Unity.VisualScripting.IonicZip.dll
Native extension for LinuxStandalone target not found
Native extension for WindowsStandalone target not found
Refreshing native plugins compatible for Editor in 3,97 ms, found 0 plugins.
Preloading 0 native plugins for Editor in 0,00 ms.
Mono: successfully reloaded assembly
- Completed reload, in 15,669 seconds
Domain Reload Profiling:
	ReloadAssembly (15678ms)
		BeginReloadAssembly (2936ms)
			ExecutionOrderSort (0ms)
			DisableScriptedObjects (45ms)
			BackupInstance (0ms)
			ReleaseScriptingObjects (0ms)
			CreateAndSetChildDomain (200ms)
		EndReloadAssembly (10544ms)
			LoadAssemblies (2240ms)
			RebuildTransferFunctionScriptingTraits (0ms)
			SetupTypeCache (2748ms)
			ReleaseScriptCaches (6ms)
			RebuildScriptCaches (333ms)
			SetupLoadedEditorAssemblies (5822ms)
				LogAssemblyErrors (0ms)
				InitializePlatformSupportModulesInManaged (424ms)
				SetLoadedEditorAssemblies (4ms)
				RefreshPlugins (7ms)
				BeforeProcessingInitializeOnLoad (1747ms)
				ProcessInitializeOnLoadAttributes (2328ms)
				ProcessInitializeOnLoadMethodAttributes (218ms)
				AfterProcessingInitializeOnLoad (1093ms)
				EditorAssembliesLoaded (2ms)
			ExecutionOrderSort2 (0ms)
			AwakeInstancesAfterBackupRestoration (35ms)
Platform modules already initialized, skipping
Refreshing native plugins compatible for Editor in 13,68 ms, found 0 plugins.
Preloading 0 native plugins for Editor in 0,00 ms.
Unloading 3636 Unused Serialized files (Serialized files now loaded: 0)
Unloading 25 unused Assets / (56,9 KB). Loaded Objects now: 4124.
Memory consumption went from 122,5 MB to 122,5 MB.
Total: 21,605312 ms (FindLiveObjects: 1,082044 ms CreateObjectMapping: 1,088023 ms MarkObjects: 18,272208 ms  DeleteObjects: 1,157493 ms)

AssetImportParameters requested are different than current active one (requested -> active):
  custom:video-decoder-ogg-theora: a1e56fd34408186e4bbccfd4996cb3dc -> 
  custom:container-muxer-webm: aa71ff27fc2769a1b78a27578f13a17b -> 
  custom:container-demuxer-webm: 4f35f7cbe854078d1ac9338744f61a02 -> 
  custom:video-encoder-webm-vp8: eb34c28f22e8b96e1ab97ce403110664 -> 
  custom:audio-encoder-webm-vorbis: bf7c407c2cedff20999df2af8eb42d56 -> 
  custom:container-demuxer-ogg: 62fdf1f143b41e24485cea50d1cbac27 -> 
  custom:video-decoder-webm-vp8: 9c59270c3fd7afecdb556c50c9e8de78 -> 
  custom:audio-decoder-ogg-vorbis: bf7c407c2cedff20999df2af8eb42d56 -> 
========================================================================
Received Import Request.
  Time since last request: 631,754945 seconds.
  path: Assets/Photon
  artifactKey: Guid(98951132346795f438babe7a3183da43) Importer(815301076,1909f56bfc062723c751e8b465ee728b)
Start importing Assets/Photon using Guid(98951132346795f438babe7a3183da43) Importer(815301076,1909f56bfc062723c751e8b465ee728b)  -> (artifact id: 'df9b6b4c61759d2bb6bfd1d8cb1daa9e') in 0,019233 seconds 
========================================================================
Received Import Request.
  Time since last request: 2,080376 seconds.
  path: Assets/Photon/PhotonChat
  artifactKey: Guid(ea05e6479d592944d955c2a5e1a6d6f1) Importer(815301076,1909f56bfc062723c751e8b465ee728b)
Start importing Assets/Photon/PhotonChat using Guid(ea05e6479d592944d955c2a5e1a6d6f1) Importer(815301076,1909f56bfc062723c751e8b465ee728b)  -> (artifact id: '4de8b4b050bae06245e0f3aaf9835387') in 0,003126 seconds 
========================================================================
Received Import Request.
  Time since last request: 3,580281 seconds.
  path: Assets/Photon/PhotonChat/Demos
  artifactKey: Guid(801c62f7d03cb463ba20067deb330234) Importer(815301076,1909f56bfc062723c751e8b465ee728b)
Start importing Assets/Photon/PhotonChat/Demos using Guid(801c62f7d03cb463ba20067deb330234) Importer(815301076,1909f56bfc062723c751e8b465ee728b)  -> (artifact id: '720384e303ca559184be76c66992c5a2') in 0,003521 seconds 
========================================================================
Received Prepare
Registering precompiled user dll's ...
Registered in 0,045551 seconds.
Begin MonoManager ReloadAssembly
Symbol file LoadedFromMemory doesn't match image /home/sinkiline/GameDev/Projects/ForestSurvival/Library/PackageCache/com.unity.visualscripting@1.7.8/Editor/VisualScripting.Core/Dependencies/YamlDotNet/Unity.VisualScripting.YamlDotNet.dll
Symbol file LoadedFromMemory doesn't match image /home/sinkiline/GameDev/Projects/ForestSurvival/Library/PackageCache/com.unity.visualscripting@1.7.8/Editor/VisualScripting.Core/Dependencies/DotNetZip/Unity.VisualScripting.IonicZip.dll
Native extension for LinuxStandalone target not found
Native extension for WindowsStandalone target not found
Refreshing native plugins compatible for Editor in 2,87 ms, found 0 plugins.
Preloading 0 native plugins for Editor in 0,00 ms.
Mono: successfully reloaded assembly
- Completed reload, in 10,902 seconds
Domain Reload Profiling:
	ReloadAssembly (10905ms)
		BeginReloadAssembly (1915ms)
			ExecutionOrderSort (0ms)
			DisableScriptedObjects (31ms)
			BackupInstance (0ms)
			ReleaseScriptingObjects (0ms)
			CreateAndSetChildDomain (164ms)
		EndReloadAssembly (7283ms)
			LoadAssemblies (1493ms)
			RebuildTransferFunctionScriptingTraits (0ms)
			SetupTypeCache (1812ms)
			ReleaseScriptCaches (4ms)
			RebuildScriptCaches (247ms)
			SetupLoadedEditorAssemblies (4040ms)
				LogAssemblyErrors (0ms)
				InitializePlatformSupportModulesInManaged (266ms)
				SetLoadedEditorAssemblies (4ms)
				RefreshPlugins (3ms)
				BeforeProcessingInitializeOnLoad (1295ms)
				ProcessInitializeOnLoadAttributes (1540ms)
				ProcessInitializeOnLoadMethodAttributes (231ms)
				AfterProcessingInitializeOnLoad (700ms)
				EditorAssembliesLoaded (1ms)
			ExecutionOrderSort2 (0ms)
			AwakeInstancesAfterBackupRestoration (23ms)
Platform modules already initialized, skipping
Refreshing native plugins compatible for Editor in 8,33 ms, found 0 plugins.
Preloading 0 native plugins for Editor in 0,00 ms.
Unloading 3625 Unused Serialized files (Serialized files now loaded: 0)
Unloading 36 unused Assets / (56,8 KB). Loaded Objects now: 4117.
Memory consumption went from 122,3 MB to 122,3 MB.
Total: 16,182526 ms (FindLiveObjects: 1,174377 ms CreateObjectMapping: 1,386989 ms MarkObjects: 12,658781 ms  DeleteObjects: 0,956845 ms)

AssetImportParameters requested are different than current active one (requested -> active):
  custom:video-decoder-ogg-theora: a1e56fd34408186e4bbccfd4996cb3dc -> 
  custom:container-muxer-webm: aa71ff27fc2769a1b78a27578f13a17b -> 
  custom:container-demuxer-webm: 4f35f7cbe854078d1ac9338744f61a02 -> 
  custom:video-encoder-webm-vp8: eb34c28f22e8b96e1ab97ce403110664 -> 
  custom:audio-encoder-webm-vorbis: bf7c407c2cedff20999df2af8eb42d56 -> 
  custom:container-demuxer-ogg: 62fdf1f143b41e24485cea50d1cbac27 -> 
  custom:video-decoder-webm-vp8: 9c59270c3fd7afecdb556c50c9e8de78 -> 
  custom:audio-decoder-ogg-vorbis: bf7c407c2cedff20999df2af8eb42d56 -> 
========================================================================
Received Import Request.
  Time since last request: 49,651697 seconds.
  path: Assets/Photon/PhotonRealtime
  artifactKey: Guid(b54c221855bde4a4ba511877e7b6b904) Importer(815301076,1909f56bfc062723c751e8b465ee728b)
Start importing Assets/Photon/PhotonRealtime using Guid(b54c221855bde4a4ba511877e7b6b904) Importer(815301076,1909f56bfc062723c751e8b465ee728b)  -> (artifact id: '8028e89a45119a759096a7d6b1a6884f') in 0,017713 seconds 
========================================================================
Received Import Request.
  Time since last request: 0,000075 seconds.
  path: Assets/Photon/PhotonLibs
  artifactKey: Guid(ee1734b1a7bac244bb5f15ecd778b5f2) Importer(815301076,1909f56bfc062723c751e8b465ee728b)
Start importing Assets/Photon/PhotonLibs using Guid(ee1734b1a7bac244bb5f15ecd778b5f2) Importer(815301076,1909f56bfc062723c751e8b465ee728b)  -> (artifact id: '4e73aa3ac8faad1e0ef15235ead47913') in 0,003757 seconds 
========================================================================
Received Import Request.
  Time since last request: 0,000086 seconds.
  path: Assets/Photon/PhotonRealtime/Demos
  artifactKey: Guid(5456c843f3eadef4f86166dc7f3ab583) Importer(815301076,1909f56bfc062723c751e8b465ee728b)
Start importing Assets/Photon/PhotonRealtime/Demos using Guid(5456c843f3eadef4f86166dc7f3ab583) Importer(815301076,1909f56bfc062723c751e8b465ee728b)  -> (artifact id: '37c75b909e0249c2cfa843dd1e7ef52e') in 0,003040 seconds 
========================================================================
Received Prepare
Registering precompiled user dll's ...
Registered in 0,038716 seconds.
Begin MonoManager ReloadAssembly
Symbol file LoadedFromMemory doesn't match image /home/sinkiline/GameDev/Projects/ForestSurvival/Library/PackageCache/com.unity.visualscripting@1.7.8/Editor/VisualScripting.Core/Dependencies/YamlDotNet/Unity.VisualScripting.YamlDotNet.dll
Symbol file LoadedFromMemory doesn't match image /home/sinkiline/GameDev/Projects/ForestSurvival/Library/PackageCache/com.unity.visualscripting@1.7.8/Editor/VisualScripting.Core/Dependencies/DotNetZip/Unity.VisualScripting.IonicZip.dll
Native extension for LinuxStandalone target not found
Native extension for WindowsStandalone target not found
Refreshing native plugins compatible for Editor in 2,27 ms, found 0 plugins.
Preloading 0 native plugins for Editor in 0,00 ms.
Mono: successfully reloaded assembly
- Completed reload, in 10,553 seconds
Domain Reload Profiling:
	ReloadAssembly (10557ms)
		BeginReloadAssembly (1799ms)
			ExecutionOrderSort (0ms)
			DisableScriptedObjects (32ms)
			BackupInstance (0ms)
			ReleaseScriptingObjects (0ms)
			CreateAndSetChildDomain (153ms)
		EndReloadAssembly (7139ms)
			LoadAssemblies (1359ms)
			RebuildTransferFunctionScriptingTraits (0ms)
			SetupTypeCache (1612ms)
			ReleaseScriptCaches (6ms)
			RebuildScriptCaches (283ms)
			SetupLoadedEditorAssemblies (4100ms)
				LogAssemblyErrors (0ms)
				InitializePlatformSupportModulesInManaged (216ms)
				SetLoadedEditorAssemblies (4ms)
				RefreshPlugins (2ms)
				BeforeProcessingInitializeOnLoad (1071ms)
				ProcessInitializeOnLoadAttributes (1774ms)
				ProcessInitializeOnLoadMethodAttributes (148ms)
				AfterProcessingInitializeOnLoad (884ms)
				EditorAssembliesLoaded (1ms)
			ExecutionOrderSort2 (0ms)
			AwakeInstancesAfterBackupRestoration (32ms)
Platform modules already initialized, skipping
Refreshing native plugins compatible for Editor in 10,52 ms, found 0 plugins.
Preloading 0 native plugins for Editor in 0,00 ms.
Unloading 3624 Unused Serialized files (Serialized files now loaded: 0)
Unloading 26 unused Assets / (56,8 KB). Loaded Objects now: 4120.
Memory consumption went from 122,2 MB to 122,2 MB.
Total: 19,578175 ms (FindLiveObjects: 0,914277 ms CreateObjectMapping: 0,576451 ms MarkObjects: 17,202306 ms  DeleteObjects: 0,880283 ms)

AssetImportParameters requested are different than current active one (requested -> active):
  custom:video-decoder-ogg-theora: a1e56fd34408186e4bbccfd4996cb3dc -> 
  custom:container-muxer-webm: aa71ff27fc2769a1b78a27578f13a17b -> 
  custom:container-demuxer-webm: 4f35f7cbe854078d1ac9338744f61a02 -> 
  custom:video-encoder-webm-vp8: eb34c28f22e8b96e1ab97ce403110664 -> 
  custom:audio-encoder-webm-vorbis: bf7c407c2cedff20999df2af8eb42d56 -> 
  custom:container-demuxer-ogg: 62fdf1f143b41e24485cea50d1cbac27 -> 
  custom:video-decoder-webm-vp8: 9c59270c3fd7afecdb556c50c9e8de78 -> 
  custom:audio-decoder-ogg-vorbis: bf7c407c2cedff20999df2af8eb42d56 -> 
========================================================================
Received Prepare
Registering precompiled user dll's ...
Registered in 0,028351 seconds.
Begin MonoManager ReloadAssembly
Symbol file LoadedFromMemory doesn't match image /home/sinkiline/GameDev/Projects/ForestSurvival/Library/PackageCache/com.unity.visualscripting@1.7.8/Editor/VisualScripting.Core/Dependencies/YamlDotNet/Unity.VisualScripting.YamlDotNet.dll
Symbol file LoadedFromMemory doesn't match image /home/sinkiline/GameDev/Projects/ForestSurvival/Library/PackageCache/com.unity.visualscripting@1.7.8/Editor/VisualScripting.Core/Dependencies/DotNetZip/Unity.VisualScripting.IonicZip.dll
Native extension for LinuxStandalone target not found
Native extension for WindowsStandalone target not found
Refreshing native plugins compatible for Editor in 2,44 ms, found 0 plugins.
Preloading 0 native plugins for Editor in 0,00 ms.
Mono: successfully reloaded assembly
- Completed reload, in 10,648 seconds
Domain Reload Profiling:
	ReloadAssembly (10655ms)
		BeginReloadAssembly (2704ms)
			ExecutionOrderSort (0ms)
			DisableScriptedObjects (58ms)
			BackupInstance (0ms)
			ReleaseScriptingObjects (2ms)
			CreateAndSetChildDomain (241ms)
		EndReloadAssembly (6430ms)
			LoadAssemblies (1999ms)
			RebuildTransferFunctionScriptingTraits (0ms)
			SetupTypeCache (1641ms)
			ReleaseScriptCaches (4ms)
			RebuildScriptCaches (253ms)
			SetupLoadedEditorAssemblies (3527ms)
				LogAssemblyErrors (0ms)
				InitializePlatformSupportModulesInManaged (330ms)
				SetLoadedEditorAssemblies (3ms)
				RefreshPlugins (3ms)
				BeforeProcessingInitializeOnLoad (959ms)
				ProcessInitializeOnLoadAttributes (1481ms)
				ProcessInitializeOnLoadMethodAttributes (146ms)
				AfterProcessingInitializeOnLoad (605ms)
				EditorAssembliesLoaded (1ms)
			ExecutionOrderSort2 (0ms)
			AwakeInstancesAfterBackupRestoration (21ms)
Platform modules already initialized, skipping
Refreshing native plugins compatible for Editor in 7,58 ms, found 0 plugins.
Preloading 0 native plugins for Editor in 0,00 ms.
Unloading 3517 Unused Serialized files (Serialized files now loaded: 0)
Unloading 128 unused Assets / (56,9 KB). Loaded Objects now: 4021.
Memory consumption went from 120,0 MB to 120,0 MB.
Total: 16,273366 ms (FindLiveObjects: 1,041135 ms CreateObjectMapping: 0,782141 ms MarkObjects: 13,218268 ms  DeleteObjects: 1,225731 ms)

AssetImportParameters requested are different than current active one (requested -> active):
  custom:video-decoder-ogg-theora: a1e56fd34408186e4bbccfd4996cb3dc -> 
  custom:container-muxer-webm: aa71ff27fc2769a1b78a27578f13a17b -> 
  custom:container-demuxer-webm: 4f35f7cbe854078d1ac9338744f61a02 -> 
  custom:video-encoder-webm-vp8: eb34c28f22e8b96e1ab97ce403110664 -> 
  custom:audio-encoder-webm-vorbis: bf7c407c2cedff20999df2af8eb42d56 -> 
  custom:container-demuxer-ogg: 62fdf1f143b41e24485cea50d1cbac27 -> 
  custom:video-decoder-webm-vp8: 9c59270c3fd7afecdb556c50c9e8de78 -> 
  custom:audio-decoder-ogg-vorbis: bf7c407c2cedff20999df2af8eb42d56 -> 
========================================================================
Received Import Request.
  Time since last request: 114,211536 seconds.
  path: Assets/Scripts/PlayerManager.cs
  artifactKey: Guid(26c7708e9221873cd9ae1ff1471d0c49) Importer(815301076,1909f56bfc062723c751e8b465ee728b)
Start importing Assets/Scripts/PlayerManager.cs using Guid(26c7708e9221873cd9ae1ff1471d0c49) Importer(815301076,1909f56bfc062723c751e8b465ee728b)  -> (artifact id: 'f5f6856f7fc611f9442654faf290a1e9') in 0,020687 seconds 
========================================================================
Received Prepare
Registering precompiled user dll's ...
Registered in 0,025708 seconds.
Begin MonoManager ReloadAssembly
Symbol file LoadedFromMemory doesn't match image /home/sinkiline/GameDev/Projects/ForestSurvival/Library/PackageCache/com.unity.visualscripting@1.7.8/Editor/VisualScripting.Core/Dependencies/YamlDotNet/Unity.VisualScripting.YamlDotNet.dll
Symbol file LoadedFromMemory doesn't match image /home/sinkiline/GameDev/Projects/ForestSurvival/Library/PackageCache/com.unity.visualscripting@1.7.8/Editor/VisualScripting.Core/Dependencies/DotNetZip/Unity.VisualScripting.IonicZip.dll
Native extension for LinuxStandalone target not found
Native extension for WindowsStandalone target not found
Refreshing native plugins compatible for Editor in 1,99 ms, found 0 plugins.
Preloading 0 native plugins for Editor in 0,00 ms.
Mono: successfully reloaded assembly
- Completed reload, in 10,409 seconds
Domain Reload Profiling:
	ReloadAssembly (10416ms)
		BeginReloadAssembly (1646ms)
			ExecutionOrderSort (0ms)
			DisableScriptedObjects (37ms)
			BackupInstance (0ms)
			ReleaseScriptingObjects (0ms)
			CreateAndSetChildDomain (159ms)
		EndReloadAssembly (6926ms)
			LoadAssemblies (1175ms)
			RebuildTransferFunctionScriptingTraits (0ms)
			SetupTypeCache (1679ms)
			ReleaseScriptCaches (6ms)
			RebuildScriptCaches (322ms)
			SetupLoadedEditorAssemblies (3860ms)
				LogAssemblyErrors (0ms)
				InitializePlatformSupportModulesInManaged (235ms)
				SetLoadedEditorAssemblies (2ms)
				RefreshPlugins (2ms)
				BeforeProcessingInitializeOnLoad (1301ms)
				ProcessInitializeOnLoadAttributes (1495ms)
				ProcessInitializeOnLoadMethodAttributes (143ms)
				AfterProcessingInitializeOnLoad (681ms)
				EditorAssembliesLoaded (1ms)
			ExecutionOrderSort2 (0ms)
			AwakeInstancesAfterBackupRestoration (18ms)
Platform modules already initialized, skipping
Refreshing native plugins compatible for Editor in 7,59 ms, found 0 plugins.
Preloading 0 native plugins for Editor in 0,00 ms.
Unloading 3518 Unused Serialized files (Serialized files now loaded: 0)
Unloading 25 unused Assets / (56,9 KB). Loaded Objects now: 4026.
Memory consumption went from 119,7 MB to 119,6 MB.
Total: 15,540578 ms (FindLiveObjects: 1,009266 ms CreateObjectMapping: 0,935341 ms MarkObjects: 12,633878 ms  DeleteObjects: 0,955362 ms)

AssetImportParameters requested are different than current active one (requested -> active):
  custom:video-decoder-ogg-theora: a1e56fd34408186e4bbccfd4996cb3dc -> 
  custom:container-muxer-webm: aa71ff27fc2769a1b78a27578f13a17b -> 
  custom:container-demuxer-webm: 4f35f7cbe854078d1ac9338744f61a02 -> 
  custom:video-encoder-webm-vp8: eb34c28f22e8b96e1ab97ce403110664 -> 
  custom:audio-encoder-webm-vorbis: bf7c407c2cedff20999df2af8eb42d56 -> 
  custom:container-demuxer-ogg: 62fdf1f143b41e24485cea50d1cbac27 -> 
  custom:video-decoder-webm-vp8: 9c59270c3fd7afecdb556c50c9e8de78 -> 
  custom:audio-decoder-ogg-vorbis: bf7c407c2cedff20999df2af8eb42d56 -> 
========================================================================
Received Import Request.
  Time since last request: 46,999464 seconds.
  path: Assets/Resources/PhotonPrefabs/PlayerManager.prefab
  artifactKey: Guid(a00a6e5a1791a558ab93209e5ae0ec0d) Importer(815301076,1909f56bfc062723c751e8b465ee728b)
Start importing Assets/Resources/PhotonPrefabs/PlayerManager.prefab using Guid(a00a6e5a1791a558ab93209e5ae0ec0d) Importer(815301076,1909f56bfc062723c751e8b465ee728b)  -> (artifact id: 'af929051985191fc869158de7bdc4b48') in 0,183364 seconds 
========================================================================
Received Import Request.
  Time since last request: 767,633040 seconds.
  path: Assets/Scenes/SampleScene.unity
  artifactKey: Guid(9fc0d4010bbf28b4594072e72b8655ab) Importer(815301076,1909f56bfc062723c751e8b465ee728b)
Start importing Assets/Scenes/SampleScene.unity using Guid(9fc0d4010bbf28b4594072e72b8655ab) Importer(815301076,1909f56bfc062723c751e8b465ee728b)  -> (artifact id: '9b90ae39290476335a1ab41fcbdff8bd') in 0,007246 seconds 
========================================================================
Received Import Request.
  Time since last request: 80,782273 seconds.
  path: Assets/Resources/PhotonPrefabs/PlayerController.prefab
  artifactKey: Guid(45fb87b1efc8442b08d075031e78cdfb) Importer(815301076,1909f56bfc062723c751e8b465ee728b)
Start importing Assets/Resources/PhotonPrefabs/PlayerController.prefab using Guid(45fb87b1efc8442b08d075031e78cdfb) Importer(815301076,1909f56bfc062723c751e8b465ee728b)  -> (artifact id: '1c42157b8233654e299e46114abe8808') in 1,824955 seconds 
========================================================================
Received Import Request.
  Time since last request: 31,933686 seconds.
  path: Assets/Resources/PhotonPrefabs/PlayerController.prefab
  artifactKey: Guid(45fb87b1efc8442b08d075031e78cdfb) Importer(815301076,1909f56bfc062723c751e8b465ee728b)
Start importing Assets/Resources/PhotonPrefabs/PlayerController.prefab using Guid(45fb87b1efc8442b08d075031e78cdfb) Importer(815301076,1909f56bfc062723c751e8b465ee728b)  -> (artifact id: '11bc3b63fcf21d7864fa18be48d8c8aa') in 0,040794 seconds 
========================================================================
Received Import Request.
  Time since last request: 13,300455 seconds.
  path: Assets/Resources/PhotonPrefabs/PlayerController.prefab
  artifactKey: Guid(45fb87b1efc8442b08d075031e78cdfb) Importer(815301076,1909f56bfc062723c751e8b465ee728b)
Start importing Assets/Resources/PhotonPrefabs/PlayerController.prefab using Guid(45fb87b1efc8442b08d075031e78cdfb) Importer(815301076,1909f56bfc062723c751e8b465ee728b)  -> (artifact id: 'bcdd4361c715c1df2b27927c8c4df049') in 0,057348 seconds 
========================================================================
Received Prepare
Registering precompiled user dll's ...
Registered in 0,027448 seconds.
Begin MonoManager ReloadAssembly
Symbol file LoadedFromMemory doesn't match image /home/sinkiline/GameDev/Projects/ForestSurvival/Library/PackageCache/com.unity.visualscripting@1.7.8/Editor/VisualScripting.Core/Dependencies/YamlDotNet/Unity.VisualScripting.YamlDotNet.dll
Symbol file LoadedFromMemory doesn't match image /home/sinkiline/GameDev/Projects/ForestSurvival/Library/PackageCache/com.unity.visualscripting@1.7.8/Editor/VisualScripting.Core/Dependencies/DotNetZip/Unity.VisualScripting.IonicZip.dll
Native extension for LinuxStandalone target not found
Native extension for WindowsStandalone target not found
Refreshing native plugins compatible for Editor in 7,80 ms, found 0 plugins.
Preloading 0 native plugins for Editor in 0,00 ms.
Mono: successfully reloaded assembly
- Completed reload, in 11,340 seconds
Domain Reload Profiling:
	ReloadAssembly (11343ms)
		BeginReloadAssembly (1592ms)
			ExecutionOrderSort (0ms)
			DisableScriptedObjects (30ms)
			BackupInstance (0ms)
			ReleaseScriptingObjects (0ms)
			CreateAndSetChildDomain (166ms)
		EndReloadAssembly (8094ms)
			LoadAssemblies (1215ms)
			RebuildTransferFunctionScriptingTraits (0ms)
			SetupTypeCache (1737ms)
			ReleaseScriptCaches (4ms)
			RebuildScriptCaches (230ms)
			SetupLoadedEditorAssemblies (4652ms)
				LogAssemblyErrors (0ms)
				InitializePlatformSupportModulesInManaged (308ms)
				SetLoadedEditorAssemblies (5ms)
				RefreshPlugins (8ms)
				BeforeProcessingInitializeOnLoad (1257ms)
				ProcessInitializeOnLoadAttributes (1570ms)
				ProcessInitializeOnLoadMethodAttributes (232ms)
				AfterProcessingInitializeOnLoad (1266ms)
				EditorAssembliesLoaded (5ms)
			ExecutionOrderSort2 (0ms)
			AwakeInstancesAfterBackupRestoration (106ms)
Platform modules already initialized, skipping
Refreshing native plugins compatible for Editor in 15,71 ms, found 0 plugins.
Preloading 0 native plugins for Editor in 0,00 ms.
Unloading 3518 Unused Serialized files (Serialized files now loaded: 0)
Unloading 25 unused Assets / (56,9 KB). Loaded Objects now: 4038.
Memory consumption went from 121,9 MB to 121,8 MB.
Total: 39,465012 ms (FindLiveObjects: 1,159784 ms CreateObjectMapping: 1,090544 ms MarkObjects: 35,514126 ms  DeleteObjects: 1,694183 ms)

AssetImportParameters requested are different than current active one (requested -> active):
  custom:video-decoder-ogg-theora: a1e56fd34408186e4bbccfd4996cb3dc -> 
  custom:container-muxer-webm: aa71ff27fc2769a1b78a27578f13a17b -> 
  custom:container-demuxer-webm: 4f35f7cbe854078d1ac9338744f61a02 -> 
  custom:video-encoder-webm-vp8: eb34c28f22e8b96e1ab97ce403110664 -> 
  custom:audio-encoder-webm-vorbis: bf7c407c2cedff20999df2af8eb42d56 -> 
  custom:container-demuxer-ogg: 62fdf1f143b41e24485cea50d1cbac27 -> 
  custom:video-decoder-webm-vp8: 9c59270c3fd7afecdb556c50c9e8de78 -> 
  custom:audio-decoder-ogg-vorbis: bf7c407c2cedff20999df2af8eb42d56 -> 
========================================================================
Received Prepare
Registering precompiled user dll's ...
Registered in 0,028050 seconds.
Begin MonoManager ReloadAssembly
Symbol file LoadedFromMemory doesn't match image /home/sinkiline/GameDev/Projects/ForestSurvival/Library/PackageCache/com.unity.visualscripting@1.7.8/Editor/VisualScripting.Core/Dependencies/YamlDotNet/Unity.VisualScripting.YamlDotNet.dll
Symbol file LoadedFromMemory doesn't match image /home/sinkiline/GameDev/Projects/ForestSurvival/Library/PackageCache/com.unity.visualscripting@1.7.8/Editor/VisualScripting.Core/Dependencies/DotNetZip/Unity.VisualScripting.IonicZip.dll
Native extension for LinuxStandalone target not found
Native extension for WindowsStandalone target not found
Refreshing native plugins compatible for Editor in 4,20 ms, found 0 plugins.
Preloading 0 native plugins for Editor in 0,00 ms.
Mono: successfully reloaded assembly
- Completed reload, in 12,678 seconds
Domain Reload Profiling:
	ReloadAssembly (12682ms)
		BeginReloadAssembly (2015ms)
			ExecutionOrderSort (0ms)
			DisableScriptedObjects (32ms)
			BackupInstance (0ms)
			ReleaseScriptingObjects (0ms)
			CreateAndSetChildDomain (216ms)
		EndReloadAssembly (8518ms)
			LoadAssemblies (1442ms)
			RebuildTransferFunctionScriptingTraits (0ms)
			SetupTypeCache (1944ms)
			ReleaseScriptCaches (6ms)
			RebuildScriptCaches (264ms)
			SetupLoadedEditorAssemblies (4849ms)
				LogAssemblyErrors (0ms)
				InitializePlatformSupportModulesInManaged (310ms)
				SetLoadedEditorAssemblies (4ms)
				RefreshPlugins (4ms)
				BeforeProcessingInitializeOnLoad (1300ms)
				ProcessInitializeOnLoadAttributes (1854ms)
				ProcessInitializeOnLoadMethodAttributes (204ms)
				AfterProcessingInitializeOnLoad (1170ms)
				EditorAssembliesLoaded (1ms)
			ExecutionOrderSort2 (0ms)
			AwakeInstancesAfterBackupRestoration (63ms)
Platform modules already initialized, skipping
Refreshing native plugins compatible for Editor in 13,68 ms, found 0 plugins.
Preloading 0 native plugins for Editor in 0,00 ms.
Unloading 3518 Unused Serialized files (Serialized files now loaded: 0)
Unloading 25 unused Assets / (56,9 KB). Loaded Objects now: 4042.
Memory consumption went from 121,9 MB to 121,8 MB.
Total: 28,647614 ms (FindLiveObjects: 0,991821 ms CreateObjectMapping: 0,969439 ms MarkObjects: 24,103338 ms  DeleteObjects: 2,574843 ms)

AssetImportParameters requested are different than current active one (requested -> active):
  custom:video-decoder-ogg-theora: a1e56fd34408186e4bbccfd4996cb3dc -> 
  custom:container-muxer-webm: aa71ff27fc2769a1b78a27578f13a17b -> 
  custom:container-demuxer-webm: 4f35f7cbe854078d1ac9338744f61a02 -> 
  custom:video-encoder-webm-vp8: eb34c28f22e8b96e1ab97ce403110664 -> 
  custom:audio-encoder-webm-vorbis: bf7c407c2cedff20999df2af8eb42d56 -> 
  custom:container-demuxer-ogg: 62fdf1f143b41e24485cea50d1cbac27 -> 
  custom:video-decoder-webm-vp8: 9c59270c3fd7afecdb556c50c9e8de78 -> 
  custom:audio-decoder-ogg-vorbis: bf7c407c2cedff20999df2af8eb42d56 -> 
========================================================================
Received Prepare
Registering precompiled user dll's ...
Registered in 0,035121 seconds.
Begin MonoManager ReloadAssembly
Symbol file LoadedFromMemory doesn't match image /home/sinkiline/GameDev/Projects/ForestSurvival/Library/PackageCache/com.unity.visualscripting@1.7.8/Editor/VisualScripting.Core/Dependencies/YamlDotNet/Unity.VisualScripting.YamlDotNet.dll
Symbol file LoadedFromMemory doesn't match image /home/sinkiline/GameDev/Projects/ForestSurvival/Library/PackageCache/com.unity.visualscripting@1.7.8/Editor/VisualScripting.Core/Dependencies/DotNetZip/Unity.VisualScripting.IonicZip.dll
Native extension for LinuxStandalone target not found
Native extension for WindowsStandalone target not found
Refreshing native plugins compatible for Editor in 2,61 ms, found 0 plugins.
Preloading 0 native plugins for Editor in 0,00 ms.
Mono: successfully reloaded assembly
- Completed reload, in 12,316 seconds
Domain Reload Profiling:
	ReloadAssembly (12322ms)
		BeginReloadAssembly (1923ms)
			ExecutionOrderSort (0ms)
			DisableScriptedObjects (33ms)
			BackupInstance (0ms)
			ReleaseScriptingObjects (0ms)
			CreateAndSetChildDomain (186ms)
		EndReloadAssembly (7952ms)
			LoadAssemblies (1547ms)
			RebuildTransferFunctionScriptingTraits (0ms)
			SetupTypeCache (1847ms)
			ReleaseScriptCaches (4ms)
			RebuildScriptCaches (224ms)
			SetupLoadedEditorAssemblies (4346ms)
				LogAssemblyErrors (0ms)
				InitializePlatformSupportModulesInManaged (248ms)
				SetLoadedEditorAssemblies (3ms)
				RefreshPlugins (3ms)
				BeforeProcessingInitializeOnLoad (1266ms)
				ProcessInitializeOnLoadAttributes (1607ms)
				ProcessInitializeOnLoadMethodAttributes (250ms)
				AfterProcessingInitializeOnLoad (968ms)
				EditorAssembliesLoaded (1ms)
			ExecutionOrderSort2 (0ms)
			AwakeInstancesAfterBackupRestoration (25ms)
Platform modules already initialized, skipping
Refreshing native plugins compatible for Editor in 9,09 ms, found 0 plugins.
Preloading 0 native plugins for Editor in 0,00 ms.
Unloading 3519 Unused Serialized files (Serialized files now loaded: 0)
Unloading 25 unused Assets / (57,0 KB). Loaded Objects now: 4047.
Memory consumption went from 121,9 MB to 121,8 MB.
Total: 15,021228 ms (FindLiveObjects: 0,829757 ms CreateObjectMapping: 0,741177 ms MarkObjects: 12,527798 ms  DeleteObjects: 0,918156 ms)

AssetImportParameters requested are different than current active one (requested -> active):
  custom:video-decoder-ogg-theora: a1e56fd34408186e4bbccfd4996cb3dc -> 
  custom:container-muxer-webm: aa71ff27fc2769a1b78a27578f13a17b -> 
  custom:container-demuxer-webm: 4f35f7cbe854078d1ac9338744f61a02 -> 
  custom:video-encoder-webm-vp8: eb34c28f22e8b96e1ab97ce403110664 -> 
  custom:audio-encoder-webm-vorbis: bf7c407c2cedff20999df2af8eb42d56 -> 
  custom:container-demuxer-ogg: 62fdf1f143b41e24485cea50d1cbac27 -> 
  custom:video-decoder-webm-vp8: 9c59270c3fd7afecdb556c50c9e8de78 -> 
  custom:audio-decoder-ogg-vorbis: bf7c407c2cedff20999df2af8eb42d56 -> 
========================================================================
Received Prepare
Registering precompiled user dll's ...
Registered in 0,051681 seconds.
Begin MonoManager ReloadAssembly
Symbol file LoadedFromMemory doesn't match image /home/sinkiline/GameDev/Projects/ForestSurvival/Library/PackageCache/com.unity.visualscripting@1.7.8/Editor/VisualScripting.Core/Dependencies/YamlDotNet/Unity.VisualScripting.YamlDotNet.dll
Symbol file LoadedFromMemory doesn't match image /home/sinkiline/GameDev/Projects/ForestSurvival/Library/PackageCache/com.unity.visualscripting@1.7.8/Editor/VisualScripting.Core/Dependencies/DotNetZip/Unity.VisualScripting.IonicZip.dll
Native extension for LinuxStandalone target not found
Native extension for WindowsStandalone target not found
Refreshing native plugins compatible for Editor in 3,33 ms, found 0 plugins.
Preloading 0 native plugins for Editor in 0,00 ms.
Mono: successfully reloaded assembly
- Completed reload, in 18,245 seconds
Domain Reload Profiling:
	ReloadAssembly (18249ms)
		BeginReloadAssembly (2584ms)
			ExecutionOrderSort (0ms)
			DisableScriptedObjects (48ms)
			BackupInstance (0ms)
			ReleaseScriptingObjects (1ms)
			CreateAndSetChildDomain (220ms)
		EndReloadAssembly (12383ms)
			LoadAssemblies (2019ms)
			RebuildTransferFunctionScriptingTraits (1ms)
			SetupTypeCache (4001ms)
			ReleaseScriptCaches (7ms)
			RebuildScriptCaches (370ms)
			SetupLoadedEditorAssemblies (6206ms)
				LogAssemblyErrors (0ms)
				InitializePlatformSupportModulesInManaged (529ms)
				SetLoadedEditorAssemblies (7ms)
				RefreshPlugins (3ms)
				BeforeProcessingInitializeOnLoad (1777ms)
				ProcessInitializeOnLoadAttributes (2397ms)
				ProcessInitializeOnLoadMethodAttributes (204ms)
				AfterProcessingInitializeOnLoad (1279ms)
				EditorAssembliesLoaded (9ms)
			ExecutionOrderSort2 (0ms)
			AwakeInstancesAfterBackupRestoration (35ms)
Platform modules already initialized, skipping
Refreshing native plugins compatible for Editor in 13,56 ms, found 0 plugins.
Preloading 0 native plugins for Editor in 0,00 ms.
Unloading 3519 Unused Serialized files (Serialized files now loaded: 0)
Unloading 25 unused Assets / (56,9 KB). Loaded Objects now: 4051.
Memory consumption went from 121,9 MB to 121,9 MB.
Total: 50,987048 ms (FindLiveObjects: 1,390106 ms CreateObjectMapping: 1,152537 ms MarkObjects: 38,426643 ms  DeleteObjects: 10,011471 ms)

AssetImportParameters requested are different than current active one (requested -> active):
  custom:video-decoder-ogg-theora: a1e56fd34408186e4bbccfd4996cb3dc -> 
  custom:container-muxer-webm: aa71ff27fc2769a1b78a27578f13a17b -> 
  custom:container-demuxer-webm: 4f35f7cbe854078d1ac9338744f61a02 -> 
  custom:video-encoder-webm-vp8: eb34c28f22e8b96e1ab97ce403110664 -> 
  custom:audio-encoder-webm-vorbis: bf7c407c2cedff20999df2af8eb42d56 -> 
  custom:container-demuxer-ogg: 62fdf1f143b41e24485cea50d1cbac27 -> 
  custom:video-decoder-webm-vp8: 9c59270c3fd7afecdb556c50c9e8de78 -> 
  custom:audio-decoder-ogg-vorbis: bf7c407c2cedff20999df2af8eb42d56 -> 
========================================================================
Received Import Request.
  Time since last request: 458,727089 seconds.
  path: Assets/Scripts/PlayerController.cs
  artifactKey: Guid(d945f49cdca3957cc80577c4c869cf1a) Importer(815301076,1909f56bfc062723c751e8b465ee728b)
Start importing Assets/Scripts/PlayerController.cs using Guid(d945f49cdca3957cc80577c4c869cf1a) Importer(815301076,1909f56bfc062723c751e8b465ee728b)  -> (artifact id: '99f2b33070fa0f67e52c79b4eb201320') in 0,061746 seconds 
========================================================================
Received Import Request.
  Time since last request: 441,790288 seconds.
  path: Assets/Scenes/GameScene.unity
  artifactKey: Guid(86e88a2287118ad76aef83d710a2ab9c) Importer(815301076,1909f56bfc062723c751e8b465ee728b)
Start importing Assets/Scenes/GameScene.unity using Guid(86e88a2287118ad76aef83d710a2ab9c) Importer(815301076,1909f56bfc062723c751e8b465ee728b)  -> (artifact id: '43cd0a1b1f7267696f7c8a2e0efdb840') in 0,003250 seconds 
========================================================================
Received Prepare
Registering precompiled user dll's ...
Registered in 0,027438 seconds.
Begin MonoManager ReloadAssembly
Symbol file LoadedFromMemory doesn't match image /home/sinkiline/GameDev/Projects/ForestSurvival/Library/PackageCache/com.unity.visualscripting@1.7.8/Editor/VisualScripting.Core/Dependencies/YamlDotNet/Unity.VisualScripting.YamlDotNet.dll
Symbol file LoadedFromMemory doesn't match image /home/sinkiline/GameDev/Projects/ForestSurvival/Library/PackageCache/com.unity.visualscripting@1.7.8/Editor/VisualScripting.Core/Dependencies/DotNetZip/Unity.VisualScripting.IonicZip.dll
Native extension for LinuxStandalone target not found
Native extension for WindowsStandalone target not found
Refreshing native plugins compatible for Editor in 4,48 ms, found 0 plugins.
Preloading 0 native plugins for Editor in 0,00 ms.
Mono: successfully reloaded assembly
- Completed reload, in 14,604 seconds
Domain Reload Profiling:
	ReloadAssembly (14609ms)
		BeginReloadAssembly (2538ms)
			ExecutionOrderSort (0ms)
			DisableScriptedObjects (56ms)
			BackupInstance (0ms)
			ReleaseScriptingObjects (0ms)
			CreateAndSetChildDomain (219ms)
		EndReloadAssembly (9758ms)
			LoadAssemblies (1980ms)
			RebuildTransferFunctionScriptingTraits (0ms)
			SetupTypeCache (2273ms)
			ReleaseScriptCaches (6ms)
			RebuildScriptCaches (281ms)
			SetupLoadedEditorAssemblies (5587ms)
				LogAssemblyErrors (0ms)
				InitializePlatformSupportModulesInManaged (414ms)
				SetLoadedEditorAssemblies (4ms)
				RefreshPlugins (7ms)
				BeforeProcessingInitializeOnLoad (1759ms)
				ProcessInitializeOnLoadAttributes (2100ms)
				ProcessInitializeOnLoadMethodAttributes (241ms)
				AfterProcessingInitializeOnLoad (1060ms)
				EditorAssembliesLoaded (2ms)
			ExecutionOrderSort2 (0ms)
			AwakeInstancesAfterBackupRestoration (35ms)
Platform modules already initialized, skipping
Refreshing native plugins compatible for Editor in 15,29 ms, found 0 plugins.
Preloading 0 native plugins for Editor in 0,00 ms.
Unloading 3519 Unused Serialized files (Serialized files now loaded: 0)
Unloading 25 unused Assets / (56,9 KB). Loaded Objects now: 4055.
Memory consumption went from 121,9 MB to 121,9 MB.
Total: 32,029161 ms (FindLiveObjects: 2,479588 ms CreateObjectMapping: 1,021269 ms MarkObjects: 21,569309 ms  DeleteObjects: 6,950660 ms)

AssetImportParameters requested are different than current active one (requested -> active):
  custom:video-decoder-ogg-theora: a1e56fd34408186e4bbccfd4996cb3dc -> 
  custom:container-muxer-webm: aa71ff27fc2769a1b78a27578f13a17b -> 
  custom:container-demuxer-webm: 4f35f7cbe854078d1ac9338744f61a02 -> 
  custom:video-encoder-webm-vp8: eb34c28f22e8b96e1ab97ce403110664 -> 
  custom:audio-encoder-webm-vorbis: bf7c407c2cedff20999df2af8eb42d56 -> 
  custom:container-demuxer-ogg: 62fdf1f143b41e24485cea50d1cbac27 -> 
  custom:video-decoder-webm-vp8: 9c59270c3fd7afecdb556c50c9e8de78 -> 
  custom:audio-decoder-ogg-vorbis: bf7c407c2cedff20999df2af8eb42d56 -> 
========================================================================
Received Prepare
Registering precompiled user dll's ...
Registered in 0,027293 seconds.
Begin MonoManager ReloadAssembly
Symbol file LoadedFromMemory doesn't match image /home/sinkiline/GameDev/Projects/ForestSurvival/Library/PackageCache/com.unity.visualscripting@1.7.8/Editor/VisualScripting.Core/Dependencies/YamlDotNet/Unity.VisualScripting.YamlDotNet.dll
Symbol file LoadedFromMemory doesn't match image /home/sinkiline/GameDev/Projects/ForestSurvival/Library/PackageCache/com.unity.visualscripting@1.7.8/Editor/VisualScripting.Core/Dependencies/DotNetZip/Unity.VisualScripting.IonicZip.dll
Native extension for LinuxStandalone target not found
Native extension for WindowsStandalone target not found
Refreshing native plugins compatible for Editor in 2,16 ms, found 0 plugins.
Preloading 0 native plugins for Editor in 0,00 ms.
Mono: successfully reloaded assembly
- Completed reload, in 10,618 seconds
Domain Reload Profiling:
	ReloadAssembly (10621ms)
		BeginReloadAssembly (1707ms)
			ExecutionOrderSort (0ms)
			DisableScriptedObjects (31ms)
			BackupInstance (0ms)
			ReleaseScriptingObjects (0ms)
			CreateAndSetChildDomain (190ms)
		EndReloadAssembly (7159ms)
			LoadAssemblies (1235ms)
			RebuildTransferFunctionScriptingTraits (0ms)
			SetupTypeCache (1652ms)
			ReleaseScriptCaches (4ms)
			RebuildScriptCaches (205ms)
			SetupLoadedEditorAssemblies (4338ms)
				LogAssemblyErrors (0ms)
				InitializePlatformSupportModulesInManaged (251ms)
				SetLoadedEditorAssemblies (3ms)
				RefreshPlugins (2ms)
				BeforeProcessingInitializeOnLoad (1336ms)
				ProcessInitializeOnLoadAttributes (1623ms)
				ProcessInitializeOnLoadMethodAttributes (201ms)
				AfterProcessingInitializeOnLoad (921ms)
				EditorAssembliesLoaded (2ms)
			ExecutionOrderSort2 (0ms)
			AwakeInstancesAfterBackupRestoration (40ms)
Platform modules already initialized, skipping
Refreshing native plugins compatible for Editor in 9,07 ms, found 0 plugins.
Preloading 0 native plugins for Editor in 0,00 ms.
Unloading 3519 Unused Serialized files (Serialized files now loaded: 0)
Unloading 25 unused Assets / (57,9 KB). Loaded Objects now: 4059.
Memory consumption went from 121,9 MB to 121,9 MB.
Total: 29,368615 ms (FindLiveObjects: 1,154116 ms CreateObjectMapping: 0,977348 ms MarkObjects: 26,027261 ms  DeleteObjects: 1,197080 ms)

AssetImportParameters requested are different than current active one (requested -> active):
  custom:video-decoder-ogg-theora: a1e56fd34408186e4bbccfd4996cb3dc -> 
  custom:container-muxer-webm: aa71ff27fc2769a1b78a27578f13a17b -> 
  custom:container-demuxer-webm: 4f35f7cbe854078d1ac9338744f61a02 -> 
  custom:video-encoder-webm-vp8: eb34c28f22e8b96e1ab97ce403110664 -> 
  custom:audio-encoder-webm-vorbis: bf7c407c2cedff20999df2af8eb42d56 -> 
  custom:container-demuxer-ogg: 62fdf1f143b41e24485cea50d1cbac27 -> 
  custom:video-decoder-webm-vp8: 9c59270c3fd7afecdb556c50c9e8de78 -> 
  custom:audio-decoder-ogg-vorbis: bf7c407c2cedff20999df2af8eb42d56 -> 
========================================================================
Received Import Request.
  Time since last request: 529,916149 seconds.
  path: Assets/Resources/PhotonPrefabs/PlayerController.prefab
  artifactKey: Guid(45fb87b1efc8442b08d075031e78cdfb) Importer(815301076,1909f56bfc062723c751e8b465ee728b)
Start importing Assets/Resources/PhotonPrefabs/PlayerController.prefab using Guid(45fb87b1efc8442b08d075031e78cdfb) Importer(815301076,1909f56bfc062723c751e8b465ee728b)  -> (artifact id: 'e8b87f80a7c5595059e876c29e5080d6') in 0,540619 seconds 
========================================================================
Received Prepare
Registering precompiled user dll's ...
Registered in 0,036446 seconds.
Begin MonoManager ReloadAssembly
Symbol file LoadedFromMemory doesn't match image /home/sinkiline/GameDev/Projects/ForestSurvival/Library/PackageCache/com.unity.visualscripting@1.7.8/Editor/VisualScripting.Core/Dependencies/YamlDotNet/Unity.VisualScripting.YamlDotNet.dll
Symbol file LoadedFromMemory doesn't match image /home/sinkiline/GameDev/Projects/ForestSurvival/Library/PackageCache/com.unity.visualscripting@1.7.8/Editor/VisualScripting.Core/Dependencies/DotNetZip/Unity.VisualScripting.IonicZip.dll
Native extension for LinuxStandalone target not found
Native extension for WindowsStandalone target not found
Refreshing native plugins compatible for Editor in 2,20 ms, found 0 plugins.
Preloading 0 native plugins for Editor in 0,00 ms.
Mono: successfully reloaded assembly
- Completed reload, in 12,644 seconds
Domain Reload Profiling:
	ReloadAssembly (12648ms)
		BeginReloadAssembly (2208ms)
			ExecutionOrderSort (0ms)
			DisableScriptedObjects (38ms)
			BackupInstance (0ms)
			ReleaseScriptingObjects (0ms)
			CreateAndSetChildDomain (182ms)
		EndReloadAssembly (8377ms)
			LoadAssemblies (1712ms)
			RebuildTransferFunctionScriptingTraits (0ms)
			SetupTypeCache (2001ms)
			ReleaseScriptCaches (6ms)
			RebuildScriptCaches (337ms)
			SetupLoadedEditorAssemblies (4771ms)
				LogAssemblyErrors (0ms)
				InitializePlatformSupportModulesInManaged (357ms)
				SetLoadedEditorAssemblies (5ms)
				RefreshPlugins (2ms)
				BeforeProcessingInitializeOnLoad (1306ms)
				ProcessInitializeOnLoadAttributes (1932ms)
				ProcessInitializeOnLoadMethodAttributes (175ms)
				AfterProcessingInitializeOnLoad (992ms)
				EditorAssembliesLoaded (1ms)
			ExecutionOrderSort2 (0ms)
			AwakeInstancesAfterBackupRestoration (25ms)
Platform modules already initialized, skipping
Refreshing native plugins compatible for Editor in 7,75 ms, found 0 plugins.
Preloading 0 native plugins for Editor in 0,00 ms.
Unloading 3519 Unused Serialized files (Serialized files now loaded: 0)
Unloading 25 unused Assets / (56,8 KB). Loaded Objects now: 4063.
Memory consumption went from 121,9 MB to 121,9 MB.
Total: 16,744148 ms (FindLiveObjects: 1,003584 ms CreateObjectMapping: 0,842286 ms MarkObjects: 14,236521 ms  DeleteObjects: 0,656175 ms)

AssetImportParameters requested are different than current active one (requested -> active):
  custom:video-decoder-ogg-theora: a1e56fd34408186e4bbccfd4996cb3dc -> 
  custom:container-muxer-webm: aa71ff27fc2769a1b78a27578f13a17b -> 
  custom:container-demuxer-webm: 4f35f7cbe854078d1ac9338744f61a02 -> 
  custom:video-encoder-webm-vp8: eb34c28f22e8b96e1ab97ce403110664 -> 
  custom:audio-encoder-webm-vorbis: bf7c407c2cedff20999df2af8eb42d56 -> 
  custom:container-demuxer-ogg: 62fdf1f143b41e24485cea50d1cbac27 -> 
  custom:video-decoder-webm-vp8: 9c59270c3fd7afecdb556c50c9e8de78 -> 
  custom:audio-decoder-ogg-vorbis: bf7c407c2cedff20999df2af8eb42d56 -> 
========================================================================
Received Prepare
Registering precompiled user dll's ...
Registered in 0,033301 seconds.
Begin MonoManager ReloadAssembly
Symbol file LoadedFromMemory doesn't match image /home/sinkiline/GameDev/Projects/ForestSurvival/Library/PackageCache/com.unity.visualscripting@1.7.8/Editor/VisualScripting.Core/Dependencies/YamlDotNet/Unity.VisualScripting.YamlDotNet.dll
Symbol file LoadedFromMemory doesn't match image /home/sinkiline/GameDev/Projects/ForestSurvival/Library/PackageCache/com.unity.visualscripting@1.7.8/Editor/VisualScripting.Core/Dependencies/DotNetZip/Unity.VisualScripting.IonicZip.dll
Native extension for LinuxStandalone target not found
Native extension for WindowsStandalone target not found
Refreshing native plugins compatible for Editor in 2,07 ms, found 0 plugins.
Preloading 0 native plugins for Editor in 0,00 ms.
Mono: successfully reloaded assembly
- Completed reload, in 12,157 seconds
Domain Reload Profiling:
	ReloadAssembly (12167ms)
		BeginReloadAssembly (1919ms)
			ExecutionOrderSort (0ms)
			DisableScriptedObjects (31ms)
			BackupInstance (0ms)
			ReleaseScriptingObjects (0ms)
			CreateAndSetChildDomain (176ms)
		EndReloadAssembly (8437ms)
			LoadAssemblies (1563ms)
			RebuildTransferFunctionScriptingTraits (0ms)
			SetupTypeCache (1924ms)
			ReleaseScriptCaches (4ms)
			RebuildScriptCaches (295ms)
			SetupLoadedEditorAssemblies (4771ms)
				LogAssemblyErrors (0ms)
				InitializePlatformSupportModulesInManaged (273ms)
				SetLoadedEditorAssemblies (3ms)
				RefreshPlugins (2ms)
				BeforeProcessingInitializeOnLoad (1282ms)
				ProcessInitializeOnLoadAttributes (1849ms)
				ProcessInitializeOnLoadMethodAttributes (163ms)
				AfterProcessingInitializeOnLoad (1199ms)
				EditorAssembliesLoaded (1ms)
			ExecutionOrderSort2 (0ms)
			AwakeInstancesAfterBackupRestoration (37ms)
Platform modules already initialized, skipping
Refreshing native plugins compatible for Editor in 12,77 ms, found 0 plugins.
Preloading 0 native plugins for Editor in 0,00 ms.
Unloading 3519 Unused Serialized files (Serialized files now loaded: 0)
Unloading 25 unused Assets / (56,8 KB). Loaded Objects now: 4067.
Memory consumption went from 122,0 MB to 121,9 MB.
Total: 21,441083 ms (FindLiveObjects: 1,847232 ms CreateObjectMapping: 1,893579 ms MarkObjects: 16,879420 ms  DeleteObjects: 0,815068 ms)

AssetImportParameters requested are different than current active one (requested -> active):
  custom:video-decoder-ogg-theora: a1e56fd34408186e4bbccfd4996cb3dc -> 
  custom:container-muxer-webm: aa71ff27fc2769a1b78a27578f13a17b -> 
  custom:container-demuxer-webm: 4f35f7cbe854078d1ac9338744f61a02 -> 
  custom:video-encoder-webm-vp8: eb34c28f22e8b96e1ab97ce403110664 -> 
  custom:audio-encoder-webm-vorbis: bf7c407c2cedff20999df2af8eb42d56 -> 
  custom:container-demuxer-ogg: 62fdf1f143b41e24485cea50d1cbac27 -> 
  custom:video-decoder-webm-vp8: 9c59270c3fd7afecdb556c50c9e8de78 -> 
  custom:audio-decoder-ogg-vorbis: bf7c407c2cedff20999df2af8eb42d56 -> 
========================================================================
Received Prepare
Registering precompiled user dll's ...
Registered in 0,027056 seconds.
Begin MonoManager ReloadAssembly
Symbol file LoadedFromMemory doesn't match image /home/sinkiline/GameDev/Projects/ForestSurvival/Library/PackageCache/com.unity.visualscripting@1.7.8/Editor/VisualScripting.Core/Dependencies/YamlDotNet/Unity.VisualScripting.YamlDotNet.dll
Symbol file LoadedFromMemory doesn't match image /home/sinkiline/GameDev/Projects/ForestSurvival/Library/PackageCache/com.unity.visualscripting@1.7.8/Editor/VisualScripting.Core/Dependencies/DotNetZip/Unity.VisualScripting.IonicZip.dll
Native extension for LinuxStandalone target not found
Native extension for WindowsStandalone target not found
Refreshing native plugins compatible for Editor in 4,11 ms, found 0 plugins.
Preloading 0 native plugins for Editor in 0,00 ms.
Mono: successfully reloaded assembly
- Completed reload, in 14,051 seconds
Domain Reload Profiling:
	ReloadAssembly (14056ms)
		BeginReloadAssembly (2557ms)
			ExecutionOrderSort (0ms)
			DisableScriptedObjects (32ms)
			BackupInstance (0ms)
			ReleaseScriptingObjects (1ms)
			CreateAndSetChildDomain (218ms)
		EndReloadAssembly (8586ms)
			LoadAssemblies (1985ms)
			RebuildTransferFunctionScriptingTraits (0ms)
			SetupTypeCache (2034ms)
			ReleaseScriptCaches (10ms)
			RebuildScriptCaches (370ms)
			SetupLoadedEditorAssemblies (4884ms)
				LogAssemblyErrors (0ms)
				InitializePlatformSupportModulesInManaged (312ms)
				SetLoadedEditorAssemblies (4ms)
				RefreshPlugins (9ms)
				BeforeProcessingInitializeOnLoad (1469ms)
				ProcessInitializeOnLoadAttributes (1855ms)
				ProcessInitializeOnLoadMethodAttributes (225ms)
				AfterProcessingInitializeOnLoad (1009ms)
				EditorAssembliesLoaded (2ms)
			ExecutionOrderSort2 (0ms)
			AwakeInstancesAfterBackupRestoration (29ms)
Platform modules already initialized, skipping
Refreshing native plugins compatible for Editor in 20,73 ms, found 0 plugins.
Preloading 0 native plugins for Editor in 0,00 ms.
Unloading 3519 Unused Serialized files (Serialized files now loaded: 0)
Unloading 25 unused Assets / (56,9 KB). Loaded Objects now: 4071.
Memory consumption went from 122,0 MB to 121,9 MB.
Total: 33,147675 ms (FindLiveObjects: 1,016107 ms CreateObjectMapping: 0,730522 ms MarkObjects: 30,274052 ms  DeleteObjects: 1,120754 ms)

AssetImportParameters requested are different than current active one (requested -> active):
  custom:video-decoder-ogg-theora: a1e56fd34408186e4bbccfd4996cb3dc -> 
  custom:container-muxer-webm: aa71ff27fc2769a1b78a27578f13a17b -> 
  custom:container-demuxer-webm: 4f35f7cbe854078d1ac9338744f61a02 -> 
  custom:video-encoder-webm-vp8: eb34c28f22e8b96e1ab97ce403110664 -> 
  custom:audio-encoder-webm-vorbis: bf7c407c2cedff20999df2af8eb42d56 -> 
  custom:container-demuxer-ogg: 62fdf1f143b41e24485cea50d1cbac27 -> 
  custom:video-decoder-webm-vp8: 9c59270c3fd7afecdb556c50c9e8de78 -> 
  custom:audio-decoder-ogg-vorbis: bf7c407c2cedff20999df2af8eb42d56 -> 
